TN:
SF:/Users/dani/Projects/Dani/js-tdd/src/sorted-list/SortedList.js
FN:2,(anonymous_0)
FN:6,(anonymous_1)
FN:7,(anonymous_2)
FN:10,(anonymous_3)
FN:15,(anonymous_4)
FN:24,(anonymous_5)
FN:31,(anonymous_6)
FN:35,(anonymous_7)
FNF:8
FNH:8
FNDA:7,(anonymous_0)
FNDA:16,(anonymous_1)
FNDA:22,(anonymous_2)
FNDA:15,(anonymous_3)
FNDA:2,(anonymous_4)
FNDA:2,(anonymous_5)
FNDA:1,(anonymous_6)
FNDA:3,(anonymous_7)
DA:3,7
DA:7,22
DA:11,15
DA:12,15
DA:16,2
DA:17,1
DA:18,1
DA:20,1
DA:25,2
DA:26,1
DA:28,1
DA:32,1
DA:36,3
DA:40,1
LF:14
LH:14
BRDA:16,0,0,1
BRDA:16,0,1,1
BRDA:25,1,0,1
BRDA:25,1,1,1
BRF:4
BRH:4
end_of_record
