TN:
SF:D:\Work\Programming\js-tdd\src\Unity\rat.js
FN:2,(anonymous_0)
FN:7,(anonymous_1)
FN:13,(anonymous_2)
FN:17,(anonymous_3)
FN:24,(anonymous_4)
FN:26,(anonymous_5)
FN:32,(anonymous_6)
FNF:7
FNH:7
FNDA:9,(anonymous_0)
FNDA:4,(anonymous_1)
FNDA:3,(anonymous_2)
FNDA:1,(anonymous_3)
FNDA:2,(anonymous_4)
FNDA:2,(anonymous_5)
FNDA:2,(anonymous_6)
DA:3,9
DA:4,9
DA:8,4
DA:9,3
DA:14,3
DA:15,2
DA:17,1
DA:18,1
DA:20,1
DA:21,1
DA:25,2
DA:26,2
DA:27,2
DA:29,2
DA:33,2
DA:34,2
DA:38,1
LF:17
LH:17
BRDA:8,0,0,3
BRDA:8,0,1,1
BRDA:14,1,0,2
BRDA:14,1,1,1
BRF:4
BRH:4
end_of_record
